Engine is on
Doors are open
New passenger has came! Alexandra R. | Now passengers: 1
New passenger has came! Valeriya D. | Now passengers: 2
Doors are closed
Now we are going to next stop!
Now we arrived to Riviera stop
Doors are open
Passenger has went from tram! Now passengers: 1
Doors are closed
Now we are going to next stop!
Now we arrived to Marselskaya stop
Doors are open
Doors are closed
Now we are going to next stop!
Now we arrived to Paustoskogo stop
Doors are open
Passenger has went from tram! Now passengers: 0
Doors are closed
Engine of off
